<?xml version="1.0" encoding="UTF-8"?>
<!-- Generated by org.testng.reporters.JUnitXMLReporter -->
<testsuite hostname="DESKTOP-M0OJOK9" ignored="0" name="DO AN THUC TAP" tests="5" failures="0" timestamp="02 May 2022 00:47:54 GMT" time="25.698" errors="0">
  <testcase name="AU01" time="6.825" classname="EShopper.AU01"/>
  <testcase name="AU02" time="4.523" classname="EShopper.AU02"/>
  <testcase name="AU03" time="1.898" classname="EShopper.AU03"/>
  <testcase name="AU04" time="2.047" classname="EShopper.AU04"/>
  <testcase name="AU05" time="1.876" classname="EShopper.AU05"/>
</testsuite> <!-- DO AN THUC TAP -->
