<?xml version="1.0" encoding="UTF-8"?>
<testng-results skipped="0" failed="0" ignored="0" total="5" passed="5">
  <reporter-output>
  </reporter-output>
  <suite name="Suite1_FUNCTIONAL TESTING" duration-ms="25698" started-at="2022-05-02T00:47:28Z" finished-at="2022-05-02T00:47:54Z">
    <groups>
    </groups>
    <test name="DO AN THUC TAP" duration-ms="25698" started-at="2022-05-02T00:47:28Z" finished-at="2022-05-02T00:47:54Z">
      <class name="EShopper.AU03">
        <test-method status="PASS" signature="before()[pri:0, instance:EShopper.AU03@480bdb19]" name="before" is-config="true" duration-ms="1105" started-at="2022-05-02T00:47:43Z" finished-at="2022-05-02T00:47:44Z">
          <reporter-output>
          </reporter-output>
        </test-method> <!-- before -->
        <test-method status="PASS" signature="AU03()[pri:0, instance:EShopper.AU03@480bdb19]" name="AU03" duration-ms="1898" started-at="2022-05-02T00:47:44Z" description="AU03 - Xác minh Trang Đăng nhập được hiển thị chính xác khi nhấn nút &#039;Đăng Nhập&#039;" finished-at="2022-05-02T00:47:46Z">
          <reporter-output>
          </reporter-output>
        </test-method> <!-- AU03 -->
        <test-method status="PASS" signature="after()[pri:0, instance:EShopper.AU03@480bdb19]" name="after" is-config="true" duration-ms="607" started-at="2022-05-02T00:47:46Z" finished-at="2022-05-02T00:47:47Z">
          <reporter-output>
          </reporter-output>
        </test-method> <!-- after -->
      </class> <!-- EShopper.AU03 -->
      <class name="EShopper.AU02">
        <test-method status="PASS" signature="before()[pri:0, instance:EShopper.AU02@86be70a]" name="before" is-config="true" duration-ms="1054" started-at="2022-05-02T00:47:37Z" finished-at="2022-05-02T00:47:38Z">
          <reporter-output>
          </reporter-output>
        </test-method> <!-- before -->
        <test-method status="PASS" signature="AU02([Ljava.lang.String;, [Ljava.lang.String;)[pri:0, instance:EShopper.AU02@86be70a]" name="AU02" duration-ms="4523" started-at="2022-05-02T00:47:38Z" description="AU02 - Kiểm tra thông tin chi tiết sản phẩm tìm được" data-provider="data-providerAU02" finished-at="2022-05-02T00:47:42Z">
          <params>
            <param index="0">
              <value>
                <![CDATA[[Ljava.lang.String;@3da05287]]>
              </value>
            </param>
            <param index="1">
              <value>
                <![CDATA[[Ljava.lang.String;@1e636ea3]]>
              </value>
            </param>
          </params>
          <reporter-output>
          </reporter-output>
        </test-method> <!-- AU02 -->
        <test-method status="PASS" signature="after()[pri:0, instance:EShopper.AU02@86be70a]" name="after" is-config="true" duration-ms="604" started-at="2022-05-02T00:47:42Z" finished-at="2022-05-02T00:47:43Z">
          <reporter-output>
          </reporter-output>
        </test-method> <!-- after -->
      </class> <!-- EShopper.AU02 -->
      <class name="EShopper.AU01">
        <test-method status="PASS" signature="before()[pri:0, instance:EShopper.AU01@69a3d1d]" name="before" is-config="true" duration-ms="1293" started-at="2022-05-02T00:47:28Z" finished-at="2022-05-02T00:47:29Z">
          <reporter-output>
          </reporter-output>
        </test-method> <!-- before -->
        <test-method status="PASS" signature="AU01([Ljava.lang.String;, [Ljava.lang.String;)[pri:0, instance:EShopper.AU01@69a3d1d]" name="AU01" duration-ms="6825" started-at="2022-05-02T00:47:29Z" description="AU01 - Kiểm tra các sản phẩm trong giỏ hàng được hiển thị chính xác" data-provider="data-providerAU01" finished-at="2022-05-02T00:47:36Z">
          <params>
            <param index="0">
              <value>
                <![CDATA[[Ljava.lang.String;@7486b455]]>
              </value>
            </param>
            <param index="1">
              <value>
                <![CDATA[[Ljava.lang.String;@660acfb]]>
              </value>
            </param>
          </params>
          <reporter-output>
          </reporter-output>
        </test-method> <!-- AU01 -->
        <test-method status="PASS" signature="after()[pri:0, instance:EShopper.AU01@69a3d1d]" name="after" is-config="true" duration-ms="610" started-at="2022-05-02T00:47:36Z" finished-at="2022-05-02T00:47:37Z">
          <reporter-output>
          </reporter-output>
        </test-method> <!-- after -->
      </class> <!-- EShopper.AU01 -->
      <class name="EShopper.AU05">
        <test-method status="PASS" signature="before()[pri:0, instance:EShopper.AU05@7d70d1b1]" name="before" is-config="true" duration-ms="996" started-at="2022-05-02T00:47:50Z" finished-at="2022-05-02T00:47:51Z">
          <reporter-output>
          </reporter-output>
        </test-method> <!-- before -->
        <test-method status="PASS" signature="AU05()[pri:0, instance:EShopper.AU05@7d70d1b1]" name="AU05" duration-ms="1876" started-at="2022-05-02T00:47:51Z" description="AU05 - Xác minh người dùng ĐĂNG NHẬP với Email và mật khẩu đã đăng kí" finished-at="2022-05-02T00:47:53Z">
          <reporter-output>
          </reporter-output>
        </test-method> <!-- AU05 -->
        <test-method status="PASS" signature="after()[pri:0, instance:EShopper.AU05@7d70d1b1]" name="after" is-config="true" duration-ms="593" started-at="2022-05-02T00:47:53Z" finished-at="2022-05-02T00:47:54Z">
          <reporter-output>
          </reporter-output>
        </test-method> <!-- after -->
      </class> <!-- EShopper.AU05 -->
      <class name="EShopper.AU04">
        <test-method status="PASS" signature="before()[pri:0, instance:EShopper.AU04@2a556333]" name="before" is-config="true" duration-ms="1023" started-at="2022-05-02T00:47:47Z" finished-at="2022-05-02T00:47:48Z">
          <reporter-output>
          </reporter-output>
        </test-method> <!-- before -->
        <test-method status="PASS" signature="AU04()[pri:0, instance:EShopper.AU04@2a556333]" name="AU04" duration-ms="2047" started-at="2022-05-02T00:47:48Z" description="AU04 - Kiểm tra người dùng có thể Đăng Ký với thông tin hợp lệ" finished-at="2022-05-02T00:47:50Z">
          <reporter-output>
          </reporter-output>
        </test-method> <!-- AU04 -->
        <test-method status="PASS" signature="after()[pri:0, instance:EShopper.AU04@2a556333]" name="after" is-config="true" duration-ms="573" started-at="2022-05-02T00:47:50Z" finished-at="2022-05-02T00:47:50Z">
          <reporter-output>
          </reporter-output>
        </test-method> <!-- after -->
      </class> <!-- EShopper.AU04 -->
    </test> <!-- DO AN THUC TAP -->
  </suite> <!-- Suite1_FUNCTIONAL TESTING -->
</testng-results>
